<?xml version="1.0" encoding="UTF-8"?>
<!-- Generated by org.testng.reporters.JUnitReportReporter -->
<testsuite hostname="Pese" failures="0" tests="6" name="test_login.Login" time="21.414" errors="0" timestamp="2023-12-04T20:12:58 ART" skipped="0">
  <testcase classname="test_login.Login" name="login" time="4.403"/>
  <testcase classname="test_login.Login" name="loginUsrIncorrect" time="3.611"/>
  <testcase classname="test_login.Login" name="loginPassIncorrect" time="3.515"/>
  <testcase classname="test_login.Login" name="loginUsrOrPassNull" time="3.095"/>
  <testcase classname="test_login.Login" name="loginUsrOrPassNull" time="3.251"/>
  <testcase classname="test_login.Login" name="loginNull" time="3.539"/>
</testsuite> <!-- test_login.Login -->
