<?xml version="1.0" encoding="UTF-8"?>
<!-- Generated by org.testng.reporters.JUnitReportReporter -->
<testsuite hostname="Pese" failures="0" tests="5" name="test_register.Register" time="16.576" errors="0" timestamp="2023-12-04T20:16:59 ART" skipped="0">
  <testcase classname="test_register.Register" name="register" time="4.051"/>
  <testcase classname="test_register.Register" name="registerUsrExistent" time="3.502"/>
  <testcase classname="test_register.Register" name="registerUsrOrPassNull" time="2.969"/>
  <testcase classname="test_register.Register" name="registerUsrOrPassNull" time="3.253"/>
  <testcase classname="test_register.Register" name="registerNull" time="2.801"/>
</testsuite> <!-- test_register.Register -->
